<?xml version="1.0" encoding="UTF-8"?>
<testng-results ignored="0" total="7" passed="7" failed="0" skipped="0">
  <reporter-output>
  </reporter-output>
  <suite started-at="2024-01-11T22:44:50 EST" name="Default suite" finished-at="2024-01-11T22:44:51 EST" duration-ms="876">
    <groups>
      <group name="cucumber">
        <method signature="AbstractTestNGCucumberTests.runScenario(io.cucumber.testng.PickleWrapper,io.cucumber.testng.FeatureWrapper)[pri:0, instance:Runner.Runner@5bf0d49]" name="runScenario" class="io.cucumber.testng.AbstractTestNGCucumberTests"/>
      </group> <!-- cucumber -->
    </groups>
    <test started-at="2024-01-11T22:44:50 EST" name="Default test" finished-at="2024-01-11T22:44:51 EST" duration-ms="876">
      <class name="Runner.Runner">
        <test-method is-config="true" signature="setUpClass(org.testng.ITestContext)[pri:0, instance:Runner.Runner@5bf0d49]" started-at="2024-01-11T22:44:51 EST" name="setUpClass" finished-at="2024-01-11T22:44:51 EST" duration-ms="411" status="PASS">
          <params>
            <param index="0">
              <value>
                <![CDATA[org.testng.TestRunner@4a9419d7]]>
              </value>
            </param>
          </params>
          <reporter-output>
          </reporter-output>
        </test-method> <!-- setUpClass -->
        <test-method signature="runScenario(io.cucumber.testng.PickleWrapper,io.cucumber.testng.FeatureWrapper)[pri:0, instance:Runner.Runner@5bf0d49]" started-at="2024-01-11T22:44:51 EST" name="runScenario" description="Runs Cucumber Scenarios" data-provider="scenarios" finished-at="2024-01-11T22:44:51 EST" duration-ms="103" status="PASS">
          <params>
            <param index="0">
              <value>
                <![CDATA["Admin Page default Login"]]>
              </value>
            </param>
            <param index="1">
              <value>
                <![CDATA["Application Feature"]]>
              </value>
            </param>
          </params>
          <reporter-output>
          </reporter-output>
        </test-method> <!-- runScenario -->
        <test-method signature="runScenario(io.cucumber.testng.PickleWrapper,io.cucumber.testng.FeatureWrapper)[pri:0, instance:Runner.Runner@5bf0d49]" started-at="2024-01-11T22:44:51 EST" name="runScenario" description="Runs Cucumber Scenarios" data-provider="scenarios" finished-at="2024-01-11T22:44:51 EST" duration-ms="12" status="PASS">
          <params>
            <param index="0">
              <value>
                <![CDATA["Admin Page with multiple users"]]>
              </value>
            </param>
            <param index="1">
              <value>
                <![CDATA["Application Feature"]]>
              </value>
            </param>
          </params>
          <reporter-output>
          </reporter-output>
        </test-method> <!-- runScenario -->
        <test-method signature="runScenario(io.cucumber.testng.PickleWrapper,io.cucumber.testng.FeatureWrapper)[pri:0, instance:Runner.Runner@5bf0d49]" started-at="2024-01-11T22:44:51 EST" name="runScenario" description="Runs Cucumber Scenarios" data-provider="scenarios" finished-at="2024-01-11T22:44:51 EST" duration-ms="7" status="PASS">
          <params>
            <param index="0">
              <value>
                <![CDATA["Admin Page with multiple users"]]>
              </value>
            </param>
            <param index="1">
              <value>
                <![CDATA["Application Feature"]]>
              </value>
            </param>
          </params>
          <reporter-output>
          </reporter-output>
        </test-method> <!-- runScenario -->
        <test-method signature="runScenario(io.cucumber.testng.PickleWrapper,io.cucumber.testng.FeatureWrapper)[pri:0, instance:Runner.Runner@5bf0d49]" started-at="2024-01-11T22:44:51 EST" name="runScenario" description="Runs Cucumber Scenarios" data-provider="scenarios" finished-at="2024-01-11T22:44:51 EST" duration-ms="8" status="PASS">
          <params>
            <param index="0">
              <value>
                <![CDATA["Admin Page with multiple users"]]>
              </value>
            </param>
            <param index="1">
              <value>
                <![CDATA["Application Feature"]]>
              </value>
            </param>
          </params>
          <reporter-output>
          </reporter-output>
        </test-method> <!-- runScenario -->
        <test-method signature="runScenario(io.cucumber.testng.PickleWrapper,io.cucumber.testng.FeatureWrapper)[pri:0, instance:Runner.Runner@5bf0d49]" started-at="2024-01-11T22:44:51 EST" name="runScenario" description="Runs Cucumber Scenarios" data-provider="scenarios" finished-at="2024-01-11T22:44:51 EST" duration-ms="10" status="PASS">
          <params>
            <param index="0">
              <value>
                <![CDATA["Credit User Auth"]]>
              </value>
            </param>
            <param index="1">
              <value>
                <![CDATA["+User Auth"]]>
              </value>
            </param>
          </params>
          <reporter-output>
          </reporter-output>
        </test-method> <!-- runScenario -->
        <test-method signature="runScenario(io.cucumber.testng.PickleWrapper,io.cucumber.testng.FeatureWrapper)[pri:0, instance:Runner.Runner@5bf0d49]" started-at="2024-01-11T22:44:51 EST" name="runScenario" description="Runs Cucumber Scenarios" data-provider="scenarios" finished-at="2024-01-11T22:44:51 EST" duration-ms="7" status="PASS">
          <params>
            <param index="0">
              <value>
                <![CDATA["Debit User Auth"]]>
              </value>
            </param>
            <param index="1">
              <value>
                <![CDATA["+User Auth"]]>
              </value>
            </param>
          </params>
          <reporter-output>
          </reporter-output>
        </test-method> <!-- runScenario -->
        <test-method signature="runScenario(io.cucumber.testng.PickleWrapper,io.cucumber.testng.FeatureWrapper)[pri:0, instance:Runner.Runner@5bf0d49]" started-at="2024-01-11T22:44:51 EST" name="runScenario" description="Runs Cucumber Scenarios" data-provider="scenarios" finished-at="2024-01-11T22:44:51 EST" duration-ms="7" status="PASS">
          <params>
            <param index="0">
              <value>
                <![CDATA["Upi User Auth"]]>
              </value>
            </param>
            <param index="1">
              <value>
                <![CDATA["+User Auth"]]>
              </value>
            </param>
          </params>
          <reporter-output>
          </reporter-output>
        </test-method> <!-- runScenario -->
        <test-method is-config="true" signature="tearDownClass()[pri:0, instance:Runner.Runner@5bf0d49]" started-at="2024-01-11T22:44:51 EST" name="tearDownClass" finished-at="2024-01-11T22:44:51 EST" duration-ms="265" status="PASS">
          <reporter-output>
          </reporter-output>
        </test-method> <!-- tearDownClass -->
      </class> <!-- Runner.Runner -->
    </test> <!-- Default test -->
  </suite> <!-- Default suite -->
</testng-results>
